<?xml version="1.0" encoding="utf-8"?><testsuites name="pytest tests"><testsuite name="pytest" errors="0" failures="1" skipped="0" tests="24" time="4.986" timestamp="2026-02-11T09:05:36.704912+00:00" hostname="agent-env-5897b06f-2dc3-4f3f-bc1e-5ac97d326890"><testcase classname="backend.tests.test_admin_panel.TestAdminAuthentication" name="test_admin_login_success" time="0.306" /><testcase classname="backend.tests.test_admin_panel.TestAdminAuthentication" name="test_admin_stats_endpoint" time="0.308" /><testcase classname="backend.tests.test_admin_panel.TestUsersTab" name="test_get_users_list" time="0.346" /><testcase classname="backend.tests.test_admin_panel.TestUsersTab" name="test_update_user_role" time="0.344" /><testcase classname="backend.tests.test_admin_panel.TestUsersTab" name="test_update_user_type" time="0.077" /><testcase classname="backend.tests.test_admin_panel.TestUsersTab" name="test_delete_user" time="0.081" /><testcase classname="backend.tests.test_admin_panel.TestUsersTab" name="test_cannot_delete_self" time="0.074" /><testcase classname="backend.tests.test_admin_panel.TestRolesTab" name="test_get_roles_list" time="0.298" /><testcase classname="backend.tests.test_admin_panel.TestRolesTab" name="test_create_new_role" time="0.118" /><testcase classname="backend.tests.test_admin_panel.TestRolesTab" name="test_edit_role" time="0.157" /><testcase classname="backend.tests.test_admin_panel.TestRolesTab" name="test_delete_custom_role" time="0.152" /><testcase classname="backend.tests.test_admin_panel.TestRolesTab" name="test_cannot_delete_system_roles" time="0.109" /><testcase classname="backend.tests.test_admin_panel.TestUserTypesTab" name="test_get_user_types_list" time="0.350" /><testcase classname="backend.tests.test_admin_panel.TestUserTypesTab" name="test_create_new_user_type" time="0.121" /><testcase classname="backend.tests.test_admin_panel.TestUserTypesTab" name="test_edit_user_type" time="0.154" /><testcase classname="backend.tests.test_admin_panel.TestUserTypesTab" name="test_delete_user_type" time="0.116" /><testcase classname="backend.tests.test_admin_panel.TestModulesTab" name="test_get_modules_list" time="0.300" /><testcase classname="backend.tests.test_admin_panel.TestModulesTab" name="test_create_new_module" time="0.075" /><testcase classname="backend.tests.test_admin_panel.TestModulesTab" name="test_edit_module" time="0.151" /><testcase classname="backend.tests.test_admin_panel.TestModulesTab" name="test_delete_module" time="0.117" /><testcase classname="backend.tests.test_admin_panel.TestTaskTemplates" name="test_add_task_template" time="0.373" /><testcase classname="backend.tests.test_admin_panel.TestTaskTemplates" name="test_edit_task_template" time="0.113" /><testcase classname="backend.tests.test_admin_panel.TestTaskTemplates" name="test_delete_task_template" time="0.190" /><testcase classname="backend.tests.test_admin_panel.TestProjectCreationWithModules" name="test_project_creation_generates_tasks" time="0.379"><failure message="KeyError: 'id'">backend/tests/test_admin_panel.py:761: in test_project_creation_generates_tasks
    project_id = project["id"]
                 ^^^^^^^^^^^^^
E   KeyError: 'id'</failure></testcase></testsuite></testsuites>