<?xml version="1.0" encoding="utf-8"?><testsuites name="pytest tests"><testsuite name="pytest" errors="0" failures="0" skipped="0" tests="24" time="4.896" timestamp="2026-02-11T09:10:49.615985+00:00" hostname="agent-env-5897b06f-2dc3-4f3f-bc1e-5ac97d326890"><testcase classname="backend.tests.test_admin_panel.TestAdminAuthentication" name="test_admin_login_success" time="0.305" /><testcase classname="backend.tests.test_admin_panel.TestAdminAuthentication" name="test_admin_stats_endpoint" time="0.316" /><testcase classname="backend.tests.test_admin_panel.TestUsersTab" name="test_get_users_list" time="0.300" /><testcase classname="backend.tests.test_admin_panel.TestUsersTab" name="test_update_user_role" time="0.342" /><testcase classname="backend.tests.test_admin_panel.TestUsersTab" name="test_update_user_type" time="0.081" /><testcase classname="backend.tests.test_admin_panel.TestUsersTab" name="test_delete_user" time="0.075" /><testcase classname="backend.tests.test_admin_panel.TestUsersTab" name="test_cannot_delete_self" time="0.076" /><testcase classname="backend.tests.test_admin_panel.TestRolesTab" name="test_get_roles_list" time="0.300" /><testcase classname="backend.tests.test_admin_panel.TestRolesTab" name="test_create_new_role" time="0.120" /><testcase classname="backend.tests.test_admin_panel.TestRolesTab" name="test_edit_role" time="0.158" /><testcase classname="backend.tests.test_admin_panel.TestRolesTab" name="test_delete_custom_role" time="0.152" /><testcase classname="backend.tests.test_admin_panel.TestRolesTab" name="test_cannot_delete_system_roles" time="0.156" /><testcase classname="backend.tests.test_admin_panel.TestUserTypesTab" name="test_get_user_types_list" time="0.300" /><testcase classname="backend.tests.test_admin_panel.TestUserTypesTab" name="test_create_new_user_type" time="0.113" /><testcase classname="backend.tests.test_admin_panel.TestUserTypesTab" name="test_edit_user_type" time="0.154" /><testcase classname="backend.tests.test_admin_panel.TestUserTypesTab" name="test_delete_user_type" time="0.117" /><testcase classname="backend.tests.test_admin_panel.TestModulesTab" name="test_get_modules_list" time="0.301" /><testcase classname="backend.tests.test_admin_panel.TestModulesTab" name="test_create_new_module" time="0.074" /><testcase classname="backend.tests.test_admin_panel.TestModulesTab" name="test_edit_module" time="0.148" /><testcase classname="backend.tests.test_admin_panel.TestModulesTab" name="test_delete_module" time="0.114" /><testcase classname="backend.tests.test_admin_panel.TestTaskTemplates" name="test_add_task_template" time="0.407" /><testcase classname="backend.tests.test_admin_panel.TestTaskTemplates" name="test_edit_task_template" time="0.116" /><testcase classname="backend.tests.test_admin_panel.TestTaskTemplates" name="test_delete_task_template" time="0.192" /><testcase classname="backend.tests.test_admin_panel.TestProjectCreationWithModules" name="test_project_creation_generates_tasks" time="0.412" /></testsuite></testsuites>